<?xml version="1.0" encoding="UTF-8"?>
<testsuite xmlns:xsi="http://www.w3.org/2001/XMLSchema-instance" xsi:noNamespaceSchemaLocation="https://maven.apache.org/surefire/maven-surefire-plugin/xsd/surefire-test-report-3.0.xsd" version="3.0" name="com.example.demo.service.MenuItemServiceTest" time="1.459" tests="1" errors="1" skipped="0" failures="0">
  <properties>
[...]
</properties>
  <testcase name="testGenerateComboFromChatGPT" classname="com.example.demo.service.MenuItemServiceTest" time="1.432">
    <error message="Failed to call ChatGPT" type="java.lang.RuntimeException"><![CDATA[java.lang.RuntimeException: Failed to call ChatGPT
	at com.example.demo.service.MenuItemService.generateComboFromChatGPT(MenuItemService.java:143)
	at java.base/jdk.internal.reflect.DirectMethodHandleAccessor.invoke(DirectMethodHandleAccessor.java:103)
	at java.base/java.lang.reflect.Method.invoke(Method.java:580)
	at org.springframework.aop.support.AopUtils.invokeJoinpointUsingReflection(AopUtils.java:355)
	at org.springframework.aop.framework.CglibAopProxy$DynamicAdvisedInterceptor.intercept(CglibAopProxy.java:716)
	at com.example.demo.service.MenuItemService$$SpringCGLIB$$0.generateComboFromChatGPT(<generated>)
	at com.example.demo.service.MenuItemServiceTest.testGenerateComboFromChatGPT(MenuItemServiceTest.java:42)
	at java.base/java.lang.reflect.Method.invoke(Method.java:580)
	at java.base/java.util.ArrayList.forEach(ArrayList.java:1596)
	at java.base/java.util.ArrayList.forEach(ArrayList.java:1596)
Caused by: org.springframework.web.client.HttpClientErrorException$Unauthorized: 401 Unauthorized: [no body]
	at org.springframework.web.client.HttpClientErrorException.create(HttpClientErrorException.java:106)
	at org.springframework.web.client.DefaultResponseErrorHandler.handleError(DefaultResponseErrorHandler.java:183)
	at org.springframework.web.client.DefaultResponseErrorHandler.handleError(DefaultResponseErrorHandler.java:137)
	at org.springframework.web.client.ResponseErrorHandler.handleError(ResponseErrorHandler.java:63)
	at org.springframework.web.client.RestTemplate.handleResponse(RestTemplate.java:942)
	at org.springframework.web.client.RestTemplate.doExecute(RestTemplate.java:891)
	at org.springframework.web.client.RestTemplate.execute(RestTemplate.java:790)
	at org.springframework.web.client.RestTemplate.postForEntity(RestTemplate.java:538)
	at com.example.demo.service.MenuItemService.generateComboFromChatGPT(MenuItemService.java:121)
	... 9 more
]]></error>
    <system-out><![CDATA[2024-12-03T14:59:47.908-08:00  INFO 23408 --- [           main] t.c.s.AnnotationConfigContextLoaderUtils : Could not detect default configuration classes for test class [com.example.demo.service.MenuItemServiceTest]: MenuItemServiceTest does not declare any static, non-private, non-final, nested classes annotated with @Configuration.
2024-12-03T14:59:47.912-08:00  INFO 23408 --- [           main] .b.t.c.SpringBootTestContextBootstrapper : Found @SpringBootConfiguration com.example.demo.DemoApplication for test class com.example.demo.service.MenuItemServiceTest
Hibernate: select mi1_0.id,mi1_0.category,mi1_0.name,mi1_0.price from menu_item mi1_0
Menu items: [MenuItem(id=5, name=sprite, price=5.0, category=drinks), MenuItem(id=6, name=Pickle, price=10.0, category=appetizers), MenuItem(id=7, name=Pineapple Rice, price=15.0, category=entrees), MenuItem(id=8, name=Coke, price=3.0, category=drinks), MenuItem(id=9, name=Strawberry Cake, price=6.0, category=desserts)]
2024-12-03T14:59:49.361-08:00 ERROR 23408 --- [           main] c.example.demo.service.MenuItemService   : HTTP Error: 
]]></system-out>
  </testcase>
</testsuite>